#
# There is insufficient memory for the Java Runtime Environment to continue.
# Native memory allocation (mmap) failed to map 199229440 bytes. Error detail: G1 virtual space
# Possible reasons:
#   The system is out of physical RAM or swap space
#   This process is running with CompressedOops enabled, and the Java Heap may be blocking the growth of the native heap
# Possible solutions:
#   Reduce memory load on the system
#   Increase physical memory or swap space
#   Check if swap backing store is full
#   Decrease Java heap size (-Xmx/-Xms)
#   Decrease number of Java threads
#   Decrease Java thread stack sizes (-Xss)
#   Set larger code cache with -XX:ReservedCodeCacheSize=
#   JVM is running with Zero Based Compressed Oops mode in which the Java heap is
#     placed in the first 32GB address space. The Java Heap base address is the
#     maximum limit for the native heap growth. Please use -XX:HeapBaseMinAddress
#     to set the Java Heap base and to place the Java Heap above 32GB virtual address.
# This output file may be truncated or incomplete.
#
#  Out of Memory Error (os_windows.cpp:3618), pid=5564, tid=20164
#
# JRE version:  (17.0.17+10) (build )
# Java VM: OpenJDK 64-Bit Server VM (17.0.17+10, mixed mode, sharing, tiered, compressed oops, compressed class ptrs, g1 gc, windows-amd64)
# No core dump will be written. Minidumps are not enabled by default on client versions of Windows
#

---------------  S U M M A R Y ------------

Command Line: C:\Users\hp\AppData\Local\Temp\surefire10336887574089080790\surefirebooter-20251220161544344_3.jar C:\Users\hp\AppData\Local\Temp\surefire10336887574089080790 2025-12-20T16-15-44_127-jvmRun1 surefire-20251220161544344_1tmp surefire_0-20251220161544344_2tmp

Host: Intel(R) Core(TM) i5-1035G1 CPU @ 1.00GHz, 8 cores, 11G,  Windows 10 , 64 bit Build 19041 (10.0.19041.5915)
Time: Sat Dec 20 16:15:44 2025 India Standard Time elapsed time: 0.018581 seconds (0d 0h 0m 0s)

---------------  T H R E A D  ---------------

Current thread (0x0000020e3fede810):  JavaThread "Unknown thread" [_thread_in_vm, id=20164, stack(0x00000020b3700000,0x00000020b3800000)]

Stack: [0x00000020b3700000,0x00000020b3800000]
Native frames: (J=compiled Java code, j=interpreted, Vv=VM code, C=native code)
V  [jvm.dll+0x683fb9]
V  [jvm.dll+0x83a1b5]
V  [jvm.dll+0x83bc2e]
V  [jvm.dll+0x83c2b3]
V  [jvm.dll+0x248eff]
V  [jvm.dll+0x680d79]
V  [jvm.dll+0x675b7a]
V  [jvm.dll+0x3091a7]
V  [jvm.dll+0x310776]
V  [jvm.dll+0x360bbe]
V  [jvm.dll+0x360dfd]
V  [jvm.dll+0x2e022c]
V  [jvm.dll+0x2e1138]
V  [jvm.dll+0x80c6cb]
V  [jvm.dll+0x36e841]
V  [jvm.dll+0x7eb2a5]
V  [jvm.dll+0x3f444b]
V  [jvm.dll+0x3f5f31]
C  [jli.dll+0x52d0]
C  [ucrtbase.dll+0x21bb2]
C  [KERNEL32.DLL+0x17374]
C  [ntdll.dll+0x4cc91]


---------------  P R O C E S S  ---------------

Threads class SMR info:
_java_thread_list=0x00007ffd7c997f58, length=0, elements={
}

Java Threads: ( => current thread )

Other Threads:
  0x0000020e420f60c0 GCTaskThread "GC Thread#0" [stack: 0x00000020b3800000,0x00000020b3900000] [id=20004]
  0x0000020e421032b0 ConcurrentGCThread "G1 Main Marker" [stack: 0x00000020b3900000,0x00000020b3a00000] [id=19932]
  0x0000020e42104470 ConcurrentGCThread "G1 Conc#0" [stack: 0x00000020b3a00000,0x00000020b3b00000] [id=14664]

[error occurred during error reporting (printing all threads), id 0xc0000005, EXCEPTION_ACCESS_VIOLATION (0xc0000005) at pc=0x00007ffd7c150d57]

VM state: not at safepoint (not fully initialized)

VM Mutex/Monitor currently owned by a thread:  ([mutex/lock_event])
[0x0000020e3fedbb10] Heap_lock - owner thread: 0x0000020e3fede810

Heap address: 0x0000000743600000, size: 3018 MB, Compressed Oops mode: Zero based, Oop shift amount: 3

CDS archive(s) mapped at: [0x0000000000000000-0x0000000000000000-0x0000000000000000), size 0, SharedBaseAddress: 0x0000000800000000, ArchiveRelocationMode: 1.
Narrow klass base: 0x0000000000000000, Narrow klass shift: 0, Narrow klass range: 0x0

GC Precious Log:
<Empty>

Heap:
 garbage-first heap   total 0K, used 0K [0x0000000743600000, 0x0000000800000000)
  region size 2048K, 0 young (0K), 0 survivors (0K)

[error occurred during error reporting (printing heap information), id 0xc0000005, EXCEPTION_ACCESS_VIOLATION (0xc0000005) at pc=0x00007ffd7c53d5c9]

GC Heap History (0 events):
No events

Dll operation events (1 events):
Event: 0.009 Loaded shared library C:\Users\hp\AppData\Local\Programs\Eclipse Adoptium\jdk-17.0.17.10-hotspot\bin\java.dll

Deoptimization events (0 events):
No events

Classes loaded (0 events):
No events

Classes unloaded (0 events):
No events

Classes redefined (0 events):
No events

Internal exceptions (0 events):
No events

VM Operations (0 events):
No events

Memory protections (0 events):
No events

Nmethod flushes (0 events):
No events

Events (0 events):
No events


Dynamic libraries:
0x00007ff7f64d0000 - 0x00007ff7f64de000 	C:\Users\hp\AppData\Local\Programs\Eclipse Adoptium\jdk-17.0.17.10-hotspot\bin\java.exe
0x00007ffe24370000 - 0x00007ffe24568000 	C:\WINDOWS\SYSTEM32\ntdll.dll
0x00007ffe22740000 - 0x00007ffe22802000 	C:\WINDOWS\System32\KERNEL32.DLL
0x00007ffe21a00000 - 0x00007ffe21cf6000 	C:\WINDOWS\System32\KERNELBASE.dll
0x00007ffe22140000 - 0x00007ffe22240000 	C:\WINDOWS\System32\ucrtbase.dll
0x00007ffe06d90000 - 0x00007ffe06da8000 	C:\Users\hp\AppData\Local\Programs\Eclipse Adoptium\jdk-17.0.17.10-hotspot\bin\jli.dll
0x00007ffe04360000 - 0x00007ffe0437e000 	C:\Users\hp\AppData\Local\Programs\Eclipse Adoptium\jdk-17.0.17.10-hotspot\bin\VCRUNTIME140.dll
0x00007ffe23850000 - 0x00007ffe239f1000 	C:\WINDOWS\System32\USER32.dll
0x00007ffe21ea0000 - 0x00007ffe21ec2000 	C:\WINDOWS\System32\win32u.dll
0x00007ffe23540000 - 0x00007ffe2356b000 	C:\WINDOWS\System32\GDI32.dll
0x00007ffe21d30000 - 0x00007ffe21e49000 	C:\WINDOWS\System32\gdi32full.dll
0x00007ffe222f0000 - 0x00007ffe2238d000 	C:\WINDOWS\System32\msvcp_win.dll
0x00007ffe04000000 - 0x00007ffe0429b000 	C:\WINDOWS\WinSxS\amd64_microsoft.windows.common-controls_6595b64144ccf1df_6.0.19041.6456_none_60b8a6cb71f64256\COMCTL32.dll
0x00007ffe24230000 - 0x00007ffe242ce000 	C:\WINDOWS\System32\msvcrt.dll
0x00007ffe23a10000 - 0x00007ffe23a3f000 	C:\WINDOWS\System32\IMM32.DLL
0x00007ffe1ab00000 - 0x00007ffe1ab0c000 	C:\Users\hp\AppData\Local\Programs\Eclipse Adoptium\jdk-17.0.17.10-hotspot\bin\vcruntime140_1.dll
0x00007ffde6280000 - 0x00007ffde630d000 	C:\Users\hp\AppData\Local\Programs\Eclipse Adoptium\jdk-17.0.17.10-hotspot\bin\msvcp140.dll
0x00007ffd7be60000 - 0x00007ffd7cacb000 	C:\Users\hp\AppData\Local\Programs\Eclipse Adoptium\jdk-17.0.17.10-hotspot\bin\server\jvm.dll
0x00007ffe23790000 - 0x00007ffe23841000 	C:\WINDOWS\System32\ADVAPI32.dll
0x00007ffe234a0000 - 0x00007ffe2353f000 	C:\WINDOWS\System32\sechost.dll
0x00007ffe225c0000 - 0x00007ffe226e0000 	C:\WINDOWS\System32\RPCRT4.dll
0x00007ffe21d00000 - 0x00007ffe21d27000 	C:\WINDOWS\System32\bcrypt.dll
0x00007ffe23570000 - 0x00007ffe235db000 	C:\WINDOWS\System32\WS2_32.dll
0x00007ffe21860000 - 0x00007ffe218ab000 	C:\WINDOWS\SYSTEM32\POWRPROF.dll
0x00007ffe02fa0000 - 0x00007ffe02fc7000 	C:\WINDOWS\SYSTEM32\WINMM.dll
0x00007ffe148a0000 - 0x00007ffe148aa000 	C:\WINDOWS\SYSTEM32\VERSION.dll
0x00007ffe21840000 - 0x00007ffe21852000 	C:\WINDOWS\SYSTEM32\UMPDC.dll
0x00007ffe201d0000 - 0x00007ffe201e2000 	C:\WINDOWS\SYSTEM32\kernel.appcore.dll
0x00007ffe156f0000 - 0x00007ffe156fa000 	C:\Users\hp\AppData\Local\Programs\Eclipse Adoptium\jdk-17.0.17.10-hotspot\bin\jimage.dll
0x00007ffe1b8e0000 - 0x00007ffe1bae1000 	C:\WINDOWS\SYSTEM32\DBGHELP.DLL
0x00007ffdfee00000 - 0x00007ffdfee34000 	C:\WINDOWS\SYSTEM32\dbgcore.DLL
0x00007ffe21f50000 - 0x00007ffe21fd2000 	C:\WINDOWS\System32\bcryptPrimitives.dll
0x00007ffdf63f0000 - 0x00007ffdf6415000 	C:\Users\hp\AppData\Local\Programs\Eclipse Adoptium\jdk-17.0.17.10-hotspot\bin\java.dll

dbghelp: loaded successfully - version: 4.0.5 - missing functions: none
symbol engine: initialized successfully - sym options: 0x614 - pdb path: .;C:\Users\hp\AppData\Local\Programs\Eclipse Adoptium\jdk-17.0.17.10-hotspot\bin;C:\WINDOWS\SYSTEM32;C:\WINDOWS\WinSxS\amd64_microsoft.windows.common-controls_6595b64144ccf1df_6.0.19041.6456_none_60b8a6cb71f64256;C:\Users\hp\AppData\Local\Programs\Eclipse Adoptium\jdk-17.0.17.10-hotspot\bin\server

VM Arguments:
java_command: C:\Users\hp\AppData\Local\Temp\surefire10336887574089080790\surefirebooter-20251220161544344_3.jar C:\Users\hp\AppData\Local\Temp\surefire10336887574089080790 2025-12-20T16-15-44_127-jvmRun1 surefire-20251220161544344_1tmp surefire_0-20251220161544344_2tmp
java_class_path (initial): C:\Users\hp\AppData\Local\Temp\surefire10336887574089080790\surefirebooter-20251220161544344_3.jar
Launcher Type: SUN_STANDARD

[Global flags]
     intx CICompilerCount                          = 4                                         {product} {ergonomic}
     uint ConcGCThreads                            = 2                                         {product} {ergonomic}
     uint G1ConcRefinementThreads                  = 8                                         {product} {ergonomic}
   size_t G1HeapRegionSize                         = 2097152                                   {product} {ergonomic}
    uintx GCDrainStackTargetSize                   = 64                                        {product} {ergonomic}
   size_t InitialHeapSize                          = 199229440                                 {product} {ergonomic}
   size_t MarkStackSize                            = 4194304                                   {product} {ergonomic}
   size_t MaxHeapSize                              = 3164602368                                {product} {ergonomic}
   size_t MinHeapDeltaBytes                        = 2097152                                   {product} {ergonomic}
   size_t MinHeapSize                              = 8388608                                   {product} {ergonomic}
    uintx NonNMethodCodeHeapSize                   = 5839372                                {pd product} {ergonomic}
    uintx NonProfiledCodeHeapSize                  = 122909434                              {pd product} {ergonomic}
    uintx ProfiledCodeHeapSize                     = 122909434                              {pd product} {ergonomic}
    uintx ReservedCodeCacheSize                    = 251658240                              {pd product} {ergonomic}
     bool SegmentedCodeCache                       = true                                      {product} {ergonomic}
   size_t SoftMaxHeapSize                          = 3164602368                             {manageable} {ergonomic}
     bool UseCompressedClassPointers               = true                           {product lp64_product} {ergonomic}
     bool UseCompressedOops                        = true                           {product lp64_product} {ergonomic}
     bool UseG1GC                                  = true                                      {product} {ergonomic}
     bool UseLargePagesIndividualAllocation        = false                                  {pd product} {ergonomic}

Logging:
Log output configuration:
 #0: stdout all=warning uptime,level,tags
 #1: stderr all=off uptime,level,tags

Environment Variables:
PATH=C:\WINDOWS\system32;C:\WINDOWS;C:\WINDOWS\System32\Wbem;C:\WINDOWS\System32\WindowsPowerShell\v1.0\;C:\WINDOWS\System32\OpenSSH\;C:\MinGW\bin;C:\MinGW\bin;C:\Program Files\MySQL\MySQL Server 8.0\bin;C:\Program Files\Git\cmd;C:\Program Files (x86)\Microsoft SQL Server\160\Tools\Binn\;C:\Program Files\Microsoft SQL Server\160\Tools\Binn\;C:\Program Files\Microsoft SQL Server\Client SDK\ODBC\170\Tools\Binn\;C:\Program Files\Microsoft SQL Server\160\DTS\Binn\;C:\Program Files\nodejs\;C:\Program Files\Amazon\AWSCLIV2\;C:\ApacheMaven\bin;;C:\Program Files\Docker\Docker\resources\bin;C:\Users\hp\AppData\Local\Programs\Eclipse Adoptium\jdk-17.0.17.10-hotspot\bin;C:\Users\hp\anaconda3;C:\Users\hp\anaconda3\Library\mingw-w64\bin;C:\Users\hp\anaconda3\Library\usr\bin;C:\Users\hp\anaconda3\Library\bin;C:\Users\hp\anaconda3\Scripts;C:\Users\hp\AppData\Local\Programs\Python\Python310\Scripts\;C:\Users\hp\AppData\Local\Programs\Python\Python310\;C:\Users\hp\AppData\Local\Microsoft\WindowsApps;C:\MinGW\bin;C:\Users\hp\AppData\Local\Programs\Microsoft VS Code\bin;C:\Program Files\Azure Data Studio\bin;C:\Users\hp\AppData\Local\Microsoft\WinGet\Packages\Schniz.fnm_Microsoft.Winget.Source_8wekyb3d8bbwe;C:\Users\hp\AppData\Roaming\npm
USERNAME=hp
OS=Windows_NT
PROCESSOR_IDENTIFIER=Intel64 Family 6 Model 126 Stepping 5, GenuineIntel
TMP=C:\Users\hp\AppData\Local\Temp
TEMP=C:\Users\hp\AppData\Local\Temp



Periodic native trim disabled


---------------  S Y S T E M  ---------------

OS:
 Windows 10 , 64 bit Build 19041 (10.0.19041.5915)
OS uptime: 7 days 0:01 hours
Hyper-V role detected

CPU: total 8 (initial active 8) (4 cores per cpu, 2 threads per core) family 6 model 126 stepping 5 microcode 0xc4, cx8, cmov, fxsr, ht, mmx, 3dnowpref, sse, sse2, sse3, ssse3, sse4.1, sse4.2, popcnt, lzcnt, tsc, tscinvbit, avx, avx2, aes, erms, clmul, bmi1, bmi2, adx, avx512f, avx512dq, avx512cd, avx512bw, avx512vl, sha, fma, vzeroupper, avx512_vpopcntdq, avx512_vpclmulqdq, avx512_vaes, avx512_vnni, clflush, clflushopt, avx512_vbmi2, avx512_vbmi, hv
Processor Information for all 8 processors :
  Max Mhz: 1190, Current Mhz: 991, Mhz Limit: 987

Memory: 4k page, system-wide physical 12069M (442M free)
TotalPageFile size 18203M (AvailPageFile size 196M)
current process WorkingSet (physical memory assigned to process): 10M, peak: 10M
current process commit charge ("private bytes"): 60M, peak: 250M

vm_info: OpenJDK 64-Bit Server VM (17.0.17+10) for windows-amd64 JRE (17.0.17+10), built on Oct 21 2025 23:25:32 by "admin" with unknown MS VC++:1942

END.
